  robot.cpp
E:\ProjectE\repos\TrackingWithRotate\TrackingWithAruco\robot.cpp(94,18): warning C4244: инициализация: преобразование "double" в "float", возможна потеря данных
E:\ProjectE\repos\TrackingWithRotate\TrackingWithAruco\robot.cpp(130,5): warning C4067: непредвиденные лексемы за директивой препроцессора, требуется newline
E:\ProjectE\repos\TrackingWithRotate\TrackingWithAruco\robot.cpp(177,5): warning C4067: непредвиденные лексемы за директивой препроцессора, требуется newline
E:\ProjectE\repos\TrackingWithRotate\TrackingWithAruco\robot.cpp(182,5): warning C4067: непредвиденные лексемы за директивой препроцессора, требуется newline
E:\ProjectE\repos\TrackingWithRotate\TrackingWithAruco\robot.cpp(269,25): warning C4267: инициализация: преобразование из "size_t" в "int"; возможна потеря данных
E:\ProjectE\repos\TrackingWithRotate\TrackingWithAruco\robot.cpp(335,14): warning C4244: инициализация: преобразование "double" в "float", возможна потеря данных
E:\ProjectE\repos\TrackingWithRotate\TrackingWithAruco\robot.cpp(339,16): warning C4244: инициализация: преобразование "_Tp" в "float", возможна потеря данных
          with
          [
              _Tp=double
          ]
E:\ProjectE\repos\TrackingWithRotate\TrackingWithAruco\robot.cpp(341,18): warning C4244: инициализация: преобразование "double" в "float", возможна потеря данных
E:\ProjectE\repos\TrackingWithRotate\TrackingWithAruco\robot.cpp(358,26): warning C4244: инициализация: преобразование "int" в "float", возможна потеря данных
E:\ProjectE\repos\TrackingWithRotate\TrackingWithAruco\robot.cpp(365,23): warning C4244: =: преобразование "float" в "int", возможна потеря данных
E:\ProjectE\repos\TrackingWithRotate\TrackingWithAruco\robot.cpp(449,23): warning C4244: return: преобразование "float" в "int", возможна потеря данных
E:\ProjectE\repos\TrackingWithRotate\TrackingWithAruco\robot.cpp(469,40): warning C4244: =: преобразование "_Ty" в "_Tp", возможна потеря данных
          with
          [
              _Ty=float
          ]
          and
          [
              _Tp=int
          ]
  Создание кода
  4 of 899 functions ( 0.4%) were compiled, the rest were copied from previous compilation.
    0 functions were new in current compilation
    3 functions had inline decision re-evaluated but remain unchanged
  Создание кода завершено
  TrackingWithAruco.vcxproj -> E:\ProjectE\repos\TrackingWithRotate\x64\ReleaseNotebook\TrackingWithAruco.exe
